<?xml version="1.0" encoding="UTF-8" ?>
<testsuite tests="4" failures="0" name="QBOTest" time="2.709" errors="2" skipped="0">
  <properties>
[...]
</properties>
  <testcase classname="QBOTest" name="getItem" time="1.807">
    <error message="ERROR CODE:3200, ERROR MESSAGE:message=AuthenticationFailed; errorCode=003200; statusCode=401, ERROR DETAIL:Token expired: AB01608524827ciJQoIrpbZa0ZMO4FUMsJZE4QF8mR6U4Cyqrc
" type="com.intuit.ipp.exception.AuthenticationException">com.intuit.ipp.exception.AuthenticationException: ERROR CODE:3200, ERROR MESSAGE:message=AuthenticationFailed; errorCode=003200; statusCode=401, ERROR DETAIL:Token expired: AB01608524827ciJQoIrpbZa0ZMO4FUMsJZE4QF8mR6U4Cyqrc

	at com.intuit.ipp.interceptors.HandleResponseInterceptor.execute(HandleResponseInterceptor.java:114)
	at com.intuit.ipp.interceptors.IntuitInterceptorProvider.executeResponseInterceptors(IntuitInterceptorProvider.java:114)
	at com.intuit.ipp.interceptors.IntuitInterceptorProvider.executeInterceptors(IntuitInterceptorProvider.java:87)
	at com.intuit.ipp.services.DataService.executeInterceptors(DataService.java:159)
	at com.intuit.ipp.services.DataService.executeQuery(DataService.java:636)
	at com.lexor.service.item.ItemQBOService.isEntityActive(ItemQBOService.java:126)
	at QBOTest.getItem(QBOTest.java:116)
	at sun.reflect.NativeMethodAccessorImpl.invoke0(Native Method)
	at sun.reflect.NativeMethodAccessorImpl.invoke(NativeMethodAccessorImpl.java:62)
	at sun.reflect.DelegatingMethodAccessorImpl.invoke(DelegatingMethodAccessorImpl.java:43)
	at java.lang.reflect.Method.invoke(Method.java:498)
	at org.junit.runners.model.FrameworkMethod$1.runReflectiveCall(FrameworkMethod.java:50)
	at org.junit.internal.runners.model.ReflectiveCallable.run(ReflectiveCallable.java:12)
	at org.junit.runners.model.FrameworkMethod.invokeExplosively(FrameworkMethod.java:47)
	at org.junit.internal.runners.statements.InvokeMethod.evaluate(InvokeMethod.java:17)
	at org.junit.internal.runners.statements.RunBefores.evaluate(RunBefores.java:26)
	at org.junit.runners.ParentRunner.runLeaf(ParentRunner.java:325)
	at org.junit.runners.BlockJUnit4ClassRunner.runChild(BlockJUnit4ClassRunner.java:78)
	at org.junit.runners.BlockJUnit4ClassRunner.runChild(BlockJUnit4ClassRunner.java:57)
	at org.junit.runners.ParentRunner$3.run(ParentRunner.java:290)
	at org.junit.runners.ParentRunner$1.schedule(ParentRunner.java:71)
	at org.junit.runners.ParentRunner.runChildren(ParentRunner.java:288)
	at org.junit.runners.ParentRunner.access$000(ParentRunner.java:58)
	at org.junit.runners.ParentRunner$2.evaluate(ParentRunner.java:268)
	at org.junit.runners.ParentRunner.run(ParentRunner.java:363)
	at org.apache.maven.surefire.junit4.JUnit4Provider.execute(JUnit4Provider.java:252)
	at org.apache.maven.surefire.junit4.JUnit4Provider.executeTestSet(JUnit4Provider.java:141)
	at org.apache.maven.surefire.junit4.JUnit4Provider.invoke(JUnit4Provider.java:112)
	at sun.reflect.NativeMethodAccessorImpl.invoke0(Native Method)
	at sun.reflect.NativeMethodAccessorImpl.invoke(NativeMethodAccessorImpl.java:62)
	at sun.reflect.DelegatingMethodAccessorImpl.invoke(DelegatingMethodAccessorImpl.java:43)
	at java.lang.reflect.Method.invoke(Method.java:498)
	at org.apache.maven.surefire.util.ReflectionUtils.invokeMethodWithArray(ReflectionUtils.java:189)
	at org.apache.maven.surefire.booter.ProviderFactory$ProviderProxy.invoke(ProviderFactory.java:165)
	at org.apache.maven.surefire.booter.ProviderFactory.invokeProvider(ProviderFactory.java:85)
	at org.apache.maven.surefire.booter.ForkedBooter.runSuitesInProcess(ForkedBooter.java:115)
	at org.apache.maven.surefire.booter.ForkedBooter.main(ForkedBooter.java:75)
</error>
    <system-err>log4j:WARN No appenders could be found for logger (org.apache.commons.configuration.ConfigurationUtils).
log4j:WARN Please initialize the log4j system properly.
log4j:WARN See http://logging.apache.org/log4j/1.2/faq.html#noconfig for more info.
</system-err>
  </testcase>
  <testcase classname="QBOTest" name="getVendorIs" time="0.858">
    <error message="ERROR CODE:3200, ERROR MESSAGE:message=AuthenticationFailed; errorCode=003200; statusCode=401, ERROR DETAIL:Token expired: AB01608524827ciJQoIrpbZa0ZMO4FUMsJZE4QF8mR6U4Cyqrc
" type="com.intuit.ipp.exception.AuthenticationException">com.intuit.ipp.exception.AuthenticationException: ERROR CODE:3200, ERROR MESSAGE:message=AuthenticationFailed; errorCode=003200; statusCode=401, ERROR DETAIL:Token expired: AB01608524827ciJQoIrpbZa0ZMO4FUMsJZE4QF8mR6U4Cyqrc

	at com.intuit.ipp.interceptors.HandleResponseInterceptor.execute(HandleResponseInterceptor.java:114)
	at com.intuit.ipp.interceptors.IntuitInterceptorProvider.executeResponseInterceptors(IntuitInterceptorProvider.java:114)
	at com.intuit.ipp.interceptors.IntuitInterceptorProvider.executeInterceptors(IntuitInterceptorProvider.java:87)
	at com.intuit.ipp.services.DataService.executeInterceptors(DataService.java:159)
	at com.intuit.ipp.services.DataService.executeQuery(DataService.java:636)
	at com.lexor.service.vendor.VendorQBOService.isEntityActive(VendorQBOService.java:84)
	at QBOTest.getVendorIs(QBOTest.java:42)
	at sun.reflect.NativeMethodAccessorImpl.invoke0(Native Method)
	at sun.reflect.NativeMethodAccessorImpl.invoke(NativeMethodAccessorImpl.java:62)
	at sun.reflect.DelegatingMethodAccessorImpl.invoke(DelegatingMethodAccessorImpl.java:43)
	at java.lang.reflect.Method.invoke(Method.java:498)
	at org.junit.runners.model.FrameworkMethod$1.runReflectiveCall(FrameworkMethod.java:50)
	at org.junit.internal.runners.model.ReflectiveCallable.run(ReflectiveCallable.java:12)
	at org.junit.runners.model.FrameworkMethod.invokeExplosively(FrameworkMethod.java:47)
	at org.junit.internal.runners.statements.InvokeMethod.evaluate(InvokeMethod.java:17)
	at org.junit.internal.runners.statements.RunBefores.evaluate(RunBefores.java:26)
	at org.junit.runners.ParentRunner.runLeaf(ParentRunner.java:325)
	at org.junit.runners.BlockJUnit4ClassRunner.runChild(BlockJUnit4ClassRunner.java:78)
	at org.junit.runners.BlockJUnit4ClassRunner.runChild(BlockJUnit4ClassRunner.java:57)
	at org.junit.runners.ParentRunner$3.run(ParentRunner.java:290)
	at org.junit.runners.ParentRunner$1.schedule(ParentRunner.java:71)
	at org.junit.runners.ParentRunner.runChildren(ParentRunner.java:288)
	at org.junit.runners.ParentRunner.access$000(ParentRunner.java:58)
	at org.junit.runners.ParentRunner$2.evaluate(ParentRunner.java:268)
	at org.junit.runners.ParentRunner.run(ParentRunner.java:363)
	at org.apache.maven.surefire.junit4.JUnit4Provider.execute(JUnit4Provider.java:252)
	at org.apache.maven.surefire.junit4.JUnit4Provider.executeTestSet(JUnit4Provider.java:141)
	at org.apache.maven.surefire.junit4.JUnit4Provider.invoke(JUnit4Provider.java:112)
	at sun.reflect.NativeMethodAccessorImpl.invoke0(Native Method)
	at sun.reflect.NativeMethodAccessorImpl.invoke(NativeMethodAccessorImpl.java:62)
	at sun.reflect.DelegatingMethodAccessorImpl.invoke(DelegatingMethodAccessorImpl.java:43)
	at java.lang.reflect.Method.invoke(Method.java:498)
	at org.apache.maven.surefire.util.ReflectionUtils.invokeMethodWithArray(ReflectionUtils.java:189)
	at org.apache.maven.surefire.booter.ProviderFactory$ProviderProxy.invoke(ProviderFactory.java:165)
	at org.apache.maven.surefire.booter.ProviderFactory.invokeProvider(ProviderFactory.java:85)
	at org.apache.maven.surefire.booter.ForkedBooter.runSuitesInProcess(ForkedBooter.java:115)
	at org.apache.maven.surefire.booter.ForkedBooter.main(ForkedBooter.java:75)
</error>
  </testcase>
  <testcase classname="QBOTest" name="getVendor" time="0"/>
  <testcase classname="QBOTest" name="createPO" time="0.044"/>
</testsuite>